[debug] [2023-01-31T21:35:10.094Z] ----------------------------------------------------------------------
[debug] [2023-01-31T21:35:10.097Z] Command:       /usr/local/bin/node /usr/local/bin/firebase deploy --only functions
[debug] [2023-01-31T21:35:10.097Z] CLI Version:   11.21.0
[debug] [2023-01-31T21:35:10.098Z] Platform:      darwin
[debug] [2023-01-31T21:35:10.098Z] Node Version:  v19.1.0
[debug] [2023-01-31T21:35:10.098Z] Time:          Tue Jan 31 2023 16:35:10 GMT-0500 (Eastern Standard Time)
[debug] [2023-01-31T21:35:10.098Z] ----------------------------------------------------------------------
[debug] 
[debug] [2023-01-31T21:35:10.173Z] > command requires scopes: ["email","openid","https://www.googleapis.com/auth/cloudplatformprojects.readonly","https://www.googleapis.com/auth/firebase","https://www.googleapis.com/auth/cloud-platform"]
[debug] [2023-01-31T21:35:10.173Z] > authorizing via signed-in user (andrew@pitchstacks.com)
[debug] [2023-01-31T21:35:10.174Z] [iam] checking project pitchstacks for permissions ["cloudfunctions.functions.create","cloudfunctions.functions.delete","cloudfunctions.functions.get","cloudfunctions.functions.list","cloudfunctions.functions.update","cloudfunctions.operations.get","firebase.projects.get"]
[debug] [2023-01-31T21:35:10.175Z] > refreshing access token with scopes: []
[debug] [2023-01-31T21:35:10.177Z] >>> [apiv2][query] POST https://www.googleapis.com/oauth2/v3/token [none]
[debug] [2023-01-31T21:35:10.177Z] >>> [apiv2][body] POST https://www.googleapis.com/oauth2/v3/token [omitted]
[debug] [2023-01-31T21:35:10.553Z] <<< [apiv2][status] POST https://www.googleapis.com/oauth2/v3/token 400
[debug] [2023-01-31T21:35:10.553Z] <<< [apiv2][body] POST https://www.googleapis.com/oauth2/v3/token [omitted]
[debug] [2023-01-31T21:35:10.553Z] >>> [apiv2][query] POST https://cloudresourcemanager.googleapis.com/v1/projects/pitchstacks:testIamPermissions [none]
[debug] [2023-01-31T21:35:10.554Z] >>> [apiv2][(partial)header] POST https://cloudresourcemanager.googleapis.com/v1/projects/pitchstacks:testIamPermissions x-goog-quota-user=projects/pitchstacks
[debug] [2023-01-31T21:35:10.554Z] >>> [apiv2][body] POST https://cloudresourcemanager.googleapis.com/v1/projects/pitchstacks:testIamPermissions {"permissions":["cloudfunctions.functions.create","cloudfunctions.functions.delete","cloudfunctions.functions.get","cloudfunctions.functions.list","cloudfunctions.functions.update","cloudfunctions.operations.get","firebase.projects.get"]}
[debug] [2023-01-31T21:35:10.909Z] <<< [apiv2][status] POST https://cloudresourcemanager.googleapis.com/v1/projects/pitchstacks:testIamPermissions 401
[debug] [2023-01-31T21:35:10.909Z] <<< [apiv2][body] POST https://cloudresourcemanager.googleapis.com/v1/projects/pitchstacks:testIamPermissions {"error":{"code":401,"message":"Request had invalid authentication credentials. Expected OAuth 2 access token, login cookie or other valid authentication credential. See https://developers.google.com/identity/sign-in/web/devconsole-project.","status":"UNAUTHENTICATED","details":[{"@type":"type.googleapis.com/google.rpc.ErrorInfo","reason":"ACCESS_TOKEN_TYPE_UNSUPPORTED","metadata":{"method":"google.cloudresourcemanager.v1.Projects.TestIamPermissions","service":"cloudresourcemanager.googleapis.com"}}]}}
[debug] [2023-01-31T21:35:10.910Z] [iam] error while checking permissions, command may fail: FirebaseError: HTTP Error: 401, Request had invalid authentication credentials. Expected OAuth 2 access token, login cookie or other valid authentication credential. See https://developers.google.com/identity/sign-in/web/devconsole-project.
[debug] [2023-01-31T21:35:10.910Z] > refreshing access token with scopes: []
[debug] [2023-01-31T21:35:10.911Z] >>> [apiv2][query] POST https://www.googleapis.com/oauth2/v3/token [none]
[debug] [2023-01-31T21:35:10.911Z] >>> [apiv2][body] POST https://www.googleapis.com/oauth2/v3/token [omitted]
[debug] [2023-01-31T21:35:11.057Z] <<< [apiv2][status] POST https://www.googleapis.com/oauth2/v3/token 400
[debug] [2023-01-31T21:35:11.057Z] <<< [apiv2][body] POST https://www.googleapis.com/oauth2/v3/token [omitted]
[debug] [2023-01-31T21:35:11.058Z] >>> [apiv2][query] POST https://iam.googleapis.com/v1/projects/pitchstacks/serviceAccounts/pitchstacks@appspot.gserviceaccount.com:testIamPermissions [none]
[debug] [2023-01-31T21:35:11.058Z] >>> [apiv2][body] POST https://iam.googleapis.com/v1/projects/pitchstacks/serviceAccounts/pitchstacks@appspot.gserviceaccount.com:testIamPermissions {"permissions":["iam.serviceAccounts.actAs"]}
[debug] [2023-01-31T21:35:11.330Z] <<< [apiv2][status] POST https://iam.googleapis.com/v1/projects/pitchstacks/serviceAccounts/pitchstacks@appspot.gserviceaccount.com:testIamPermissions 401
[debug] [2023-01-31T21:35:11.331Z] <<< [apiv2][body] POST https://iam.googleapis.com/v1/projects/pitchstacks/serviceAccounts/pitchstacks@appspot.gserviceaccount.com:testIamPermissions {"error":{"code":401,"message":"Request had invalid authentication credentials. Expected OAuth 2 access token, login cookie or other valid authentication credential. See https://developers.google.com/identity/sign-in/web/devconsole-project.","status":"UNAUTHENTICATED","details":[{"@type":"type.googleapis.com/google.rpc.ErrorInfo","reason":"ACCESS_TOKEN_TYPE_UNSUPPORTED","metadata":{"method":"google.iam.admin.v1.IAM.TestIamPermissions","service":"iam.googleapis.com"}}]}}
[debug] [2023-01-31T21:35:11.331Z] [functions] service account IAM check errored, deploy may fail:HTTP Error: 401, Request had invalid authentication credentials. Expected OAuth 2 access token, login cookie or other valid authentication credential. See https://developers.google.com/identity/sign-in/web/devconsole-project. {"name":"FirebaseError","children":[],"context":{"body":{"error":{"code":401,"message":"Request had invalid authentication credentials. Expected OAuth 2 access token, login cookie or other valid authentication credential. See https://developers.google.com/identity/sign-in/web/devconsole-project.","status":"UNAUTHENTICATED","details":[{"@type":"type.googleapis.com/google.rpc.ErrorInfo","reason":"ACCESS_TOKEN_TYPE_UNSUPPORTED","metadata":{"method":"google.iam.admin.v1.IAM.TestIamPermissions","service":"iam.googleapis.com"}}]}},"response":{"statusCode":401}},"exit":1,"message":"HTTP Error: 401, Request had invalid authentication credentials. Expected OAuth 2 access token, login cookie or other valid authentication credential. See https://developers.google.com/identity/sign-in/web/devconsole-project.","status":401}
[info] 
[info] === Deploying to 'pitchstacks'...
[info] 
[info] i  deploying functions 
[info] Running command: npm --prefix "$RESOURCE_DIR" run build
[info] ✔  functions: Finished running predeploy script. 
[debug] [2023-01-31T21:35:16.924Z] > refreshing access token with scopes: []
[debug] [2023-01-31T21:35:16.924Z] >>> [apiv2][query] POST https://www.googleapis.com/oauth2/v3/token [none]
[debug] [2023-01-31T21:35:16.925Z] >>> [apiv2][body] POST https://www.googleapis.com/oauth2/v3/token [omitted]
[debug] [2023-01-31T21:35:17.177Z] <<< [apiv2][status] POST https://www.googleapis.com/oauth2/v3/token 400
[debug] [2023-01-31T21:35:17.177Z] <<< [apiv2][body] POST https://www.googleapis.com/oauth2/v3/token [omitted]
[debug] [2023-01-31T21:35:17.178Z] >>> [apiv2][query] GET https://firebase.googleapis.com/v1beta1/projects/pitchstacks [none]
[debug] [2023-01-31T21:35:17.497Z] <<< [apiv2][status] GET https://firebase.googleapis.com/v1beta1/projects/pitchstacks 401
[debug] [2023-01-31T21:35:17.497Z] <<< [apiv2][body] GET https://firebase.googleapis.com/v1beta1/projects/pitchstacks {"error":{"code":401,"message":"Request had invalid authentication credentials. Expected OAuth 2 access token, login cookie or other valid authentication credential. See https://developers.google.com/identity/sign-in/web/devconsole-project.","status":"UNAUTHENTICATED"}}
[debug] [2023-01-31T21:35:17.497Z] HTTP Error: 401, Request had invalid authentication credentials. Expected OAuth 2 access token, login cookie or other valid authentication credential. See https://developers.google.com/identity/sign-in/web/devconsole-project.
[debug] [2023-01-31T21:35:17.682Z] FirebaseError: HTTP Error: 401, Request had invalid authentication credentials. Expected OAuth 2 access token, login cookie or other valid authentication credential. See https://developers.google.com/identity/sign-in/web/devconsole-project.
    at responseToError (/usr/local/lib/node_modules/firebase-tools/lib/responseToError.js:49:12)
    at RetryOperation._fn (/usr/local/lib/node_modules/firebase-tools/lib/apiv2.js:288:77)
    at process.processTicksAndRejections (node:internal/process/task_queues:95:5)
[error] 
[error] Error: Failed to get Firebase project pitchstacks. Please make sure the project exists and your account has permission to access it.
[debug] [2023-01-31T22:16:10.395Z] ----------------------------------------------------------------------
[debug] [2023-01-31T22:16:10.415Z] Command:       /usr/local/bin/node /usr/local/bin/firebase deploy --only functions
[debug] [2023-01-31T22:16:10.416Z] CLI Version:   11.21.0
[debug] [2023-01-31T22:16:10.416Z] Platform:      darwin
[debug] [2023-01-31T22:16:10.416Z] Node Version:  v19.1.0
[debug] [2023-01-31T22:16:10.417Z] Time:          Tue Jan 31 2023 17:16:10 GMT-0500 (Eastern Standard Time)
[debug] [2023-01-31T22:16:10.417Z] ----------------------------------------------------------------------
[debug] 
[debug] [2023-01-31T22:16:10.482Z] > command requires scopes: ["email","openid","https://www.googleapis.com/auth/cloudplatformprojects.readonly","https://www.googleapis.com/auth/firebase","https://www.googleapis.com/auth/cloud-platform"]
[debug] [2023-01-31T22:16:10.482Z] > authorizing via signed-in user (andrew@pitchstacks.com)
[debug] [2023-01-31T22:16:10.482Z] [iam] checking project pitchstacks for permissions ["cloudfunctions.functions.create","cloudfunctions.functions.delete","cloudfunctions.functions.get","cloudfunctions.functions.list","cloudfunctions.functions.update","cloudfunctions.operations.get","firebase.projects.get"]
[debug] [2023-01-31T22:16:10.485Z] > refreshing access token with scopes: []
[debug] [2023-01-31T22:16:10.487Z] >>> [apiv2][query] POST https://www.googleapis.com/oauth2/v3/token [none]
[debug] [2023-01-31T22:16:10.487Z] >>> [apiv2][body] POST https://www.googleapis.com/oauth2/v3/token [omitted]
[debug] [2023-01-31T22:16:10.900Z] <<< [apiv2][status] POST https://www.googleapis.com/oauth2/v3/token 400
[debug] [2023-01-31T22:16:10.901Z] <<< [apiv2][body] POST https://www.googleapis.com/oauth2/v3/token [omitted]
[debug] [2023-01-31T22:16:10.901Z] >>> [apiv2][query] POST https://cloudresourcemanager.googleapis.com/v1/projects/pitchstacks:testIamPermissions [none]
[debug] [2023-01-31T22:16:10.901Z] >>> [apiv2][(partial)header] POST https://cloudresourcemanager.googleapis.com/v1/projects/pitchstacks:testIamPermissions x-goog-quota-user=projects/pitchstacks
[debug] [2023-01-31T22:16:10.902Z] >>> [apiv2][body] POST https://cloudresourcemanager.googleapis.com/v1/projects/pitchstacks:testIamPermissions {"permissions":["cloudfunctions.functions.create","cloudfunctions.functions.delete","cloudfunctions.functions.get","cloudfunctions.functions.list","cloudfunctions.functions.update","cloudfunctions.operations.get","firebase.projects.get"]}
[debug] [2023-01-31T22:16:11.246Z] <<< [apiv2][status] POST https://cloudresourcemanager.googleapis.com/v1/projects/pitchstacks:testIamPermissions 401
[debug] [2023-01-31T22:16:11.247Z] <<< [apiv2][body] POST https://cloudresourcemanager.googleapis.com/v1/projects/pitchstacks:testIamPermissions {"error":{"code":401,"message":"Request had invalid authentication credentials. Expected OAuth 2 access token, login cookie or other valid authentication credential. See https://developers.google.com/identity/sign-in/web/devconsole-project.","status":"UNAUTHENTICATED","details":[{"@type":"type.googleapis.com/google.rpc.ErrorInfo","reason":"ACCESS_TOKEN_TYPE_UNSUPPORTED","metadata":{"method":"google.cloudresourcemanager.v1.Projects.TestIamPermissions","service":"cloudresourcemanager.googleapis.com"}}]}}
[debug] [2023-01-31T22:16:11.248Z] [iam] error while checking permissions, command may fail: FirebaseError: HTTP Error: 401, Request had invalid authentication credentials. Expected OAuth 2 access token, login cookie or other valid authentication credential. See https://developers.google.com/identity/sign-in/web/devconsole-project.
[debug] [2023-01-31T22:16:11.248Z] > refreshing access token with scopes: []
[debug] [2023-01-31T22:16:11.249Z] >>> [apiv2][query] POST https://www.googleapis.com/oauth2/v3/token [none]
[debug] [2023-01-31T22:16:11.249Z] >>> [apiv2][body] POST https://www.googleapis.com/oauth2/v3/token [omitted]
[debug] [2023-01-31T22:16:11.396Z] <<< [apiv2][status] POST https://www.googleapis.com/oauth2/v3/token 400
[debug] [2023-01-31T22:16:11.396Z] <<< [apiv2][body] POST https://www.googleapis.com/oauth2/v3/token [omitted]
[debug] [2023-01-31T22:16:11.396Z] >>> [apiv2][query] POST https://iam.googleapis.com/v1/projects/pitchstacks/serviceAccounts/pitchstacks@appspot.gserviceaccount.com:testIamPermissions [none]
[debug] [2023-01-31T22:16:11.396Z] >>> [apiv2][body] POST https://iam.googleapis.com/v1/projects/pitchstacks/serviceAccounts/pitchstacks@appspot.gserviceaccount.com:testIamPermissions {"permissions":["iam.serviceAccounts.actAs"]}
[debug] [2023-01-31T22:16:11.668Z] <<< [apiv2][status] POST https://iam.googleapis.com/v1/projects/pitchstacks/serviceAccounts/pitchstacks@appspot.gserviceaccount.com:testIamPermissions 401
[debug] [2023-01-31T22:16:11.668Z] <<< [apiv2][body] POST https://iam.googleapis.com/v1/projects/pitchstacks/serviceAccounts/pitchstacks@appspot.gserviceaccount.com:testIamPermissions {"error":{"code":401,"message":"Request had invalid authentication credentials. Expected OAuth 2 access token, login cookie or other valid authentication credential. See https://developers.google.com/identity/sign-in/web/devconsole-project.","status":"UNAUTHENTICATED","details":[{"@type":"type.googleapis.com/google.rpc.ErrorInfo","reason":"ACCESS_TOKEN_TYPE_UNSUPPORTED","metadata":{"service":"iam.googleapis.com","method":"google.iam.admin.v1.IAM.TestIamPermissions"}}]}}
[debug] [2023-01-31T22:16:11.669Z] [functions] service account IAM check errored, deploy may fail:HTTP Error: 401, Request had invalid authentication credentials. Expected OAuth 2 access token, login cookie or other valid authentication credential. See https://developers.google.com/identity/sign-in/web/devconsole-project. {"name":"FirebaseError","children":[],"context":{"body":{"error":{"code":401,"message":"Request had invalid authentication credentials. Expected OAuth 2 access token, login cookie or other valid authentication credential. See https://developers.google.com/identity/sign-in/web/devconsole-project.","status":"UNAUTHENTICATED","details":[{"@type":"type.googleapis.com/google.rpc.ErrorInfo","reason":"ACCESS_TOKEN_TYPE_UNSUPPORTED","metadata":{"service":"iam.googleapis.com","method":"google.iam.admin.v1.IAM.TestIamPermissions"}}]}},"response":{"statusCode":401}},"exit":1,"message":"HTTP Error: 401, Request had invalid authentication credentials. Expected OAuth 2 access token, login cookie or other valid authentication credential. See https://developers.google.com/identity/sign-in/web/devconsole-project.","status":401}
[info] 
[info] === Deploying to 'pitchstacks'...
[info] 
[info] i  deploying functions 
[info] Running command: npm --prefix "$RESOURCE_DIR" run build
[info] ✔  functions: Finished running predeploy script. 
[debug] [2023-01-31T22:16:17.186Z] > refreshing access token with scopes: []
[debug] [2023-01-31T22:16:17.186Z] >>> [apiv2][query] POST https://www.googleapis.com/oauth2/v3/token [none]
[debug] [2023-01-31T22:16:17.186Z] >>> [apiv2][body] POST https://www.googleapis.com/oauth2/v3/token [omitted]
[debug] [2023-01-31T22:16:17.444Z] <<< [apiv2][status] POST https://www.googleapis.com/oauth2/v3/token 400
[debug] [2023-01-31T22:16:17.444Z] <<< [apiv2][body] POST https://www.googleapis.com/oauth2/v3/token [omitted]
[debug] [2023-01-31T22:16:17.445Z] >>> [apiv2][query] GET https://firebase.googleapis.com/v1beta1/projects/pitchstacks [none]
[debug] [2023-01-31T22:16:17.719Z] <<< [apiv2][status] GET https://firebase.googleapis.com/v1beta1/projects/pitchstacks 401
[debug] [2023-01-31T22:16:17.719Z] <<< [apiv2][body] GET https://firebase.googleapis.com/v1beta1/projects/pitchstacks {"error":{"code":401,"message":"Request had invalid authentication credentials. Expected OAuth 2 access token, login cookie or other valid authentication credential. See https://developers.google.com/identity/sign-in/web/devconsole-project.","status":"UNAUTHENTICATED"}}
[debug] [2023-01-31T22:16:17.719Z] HTTP Error: 401, Request had invalid authentication credentials. Expected OAuth 2 access token, login cookie or other valid authentication credential. See https://developers.google.com/identity/sign-in/web/devconsole-project.
[debug] [2023-01-31T22:16:17.973Z] FirebaseError: HTTP Error: 401, Request had invalid authentication credentials. Expected OAuth 2 access token, login cookie or other valid authentication credential. See https://developers.google.com/identity/sign-in/web/devconsole-project.
    at responseToError (/usr/local/lib/node_modules/firebase-tools/lib/responseToError.js:49:12)
    at RetryOperation._fn (/usr/local/lib/node_modules/firebase-tools/lib/apiv2.js:288:77)
    at process.processTicksAndRejections (node:internal/process/task_queues:95:5)
[error] 
[error] Error: Failed to get Firebase project pitchstacks. Please make sure the project exists and your account has permission to access it.
